Determining if the pthread_create exist failed with the following output:
Change Dir: /home/zakaria/hratc2017_workspace/build/CMakeFiles/CMakeTmp

Run Build Command:/usr/bin/make "cmTryCompileExec3194476600/fast"
/usr/bin/make -f CMakeFiles/cmTryCompileExec3194476600.dir/build.make CMakeFiles/cmTryCompileExec3194476600.dir/build
make[1]: Entering directory `/home/zakaria/hratc2017_workspace/build/CMakeFiles/CMakeTmp'
/usr/bin/cmake -E cmake_progress_report /home/zakaria/hratc2017_workspace/build/CMakeFiles/CMakeTmp/CMakeFiles 1
Building C object CMakeFiles/cmTryCompileExec3194476600.dir/CheckSymbolExists.c.o
/usr/bin/cc    -o CMakeFiles/cmTryCompileExec3194476600.dir/CheckSymbolExists.c.o   -c /home/zakaria/hratc2017_workspace/build/CMakeFiles/CMakeTmp/CheckSymbolExists.c
Linking C executable cmTryCompileExec3194476600
/usr/bin/cmake -E cmake_link_script CMakeFiles/cmTryCompileExec3194476600.dir/link.txt --verbose=1
/usr/bin/cc       CMakeFiles/cmTryCompileExec3194476600.dir/CheckSymbolExists.c.o  -o cmTryCompileExec3194476600 -rdynamic 
CMakeFiles/cmTryCompileExec3194476600.dir/CheckSymbolExists.c.o: In function `main':
CheckSymbolExists.c:(.text+0x16): undefined reference to `pthread_create'
collect2: error: ld returned 1 exit status
make[1]: *** [cmTryCompileExec3194476600] Error 1
make[1]: Leaving directory `/home/zakaria/hratc2017_workspace/build/CMakeFiles/CMakeTmp'
make: *** [cmTryCompileExec3194476600/fast] Error 2

File /home/zakaria/hratc2017_workspace/build/CMakeFiles/CMakeTmp/CheckSymbolExists.c:
/* */
#include <pthread.h>

int main(int argc, char** argv)
{
  (void)argv;
#ifndef pthread_create
  return ((int*)(&pthread_create))[argc];
#else
  (void)argc;
  return 0;
#endif
}

Determining if the function pthread_create exists in the pthreads failed with the following output:
Change Dir: /home/zakaria/hratc2017_workspace/build/CMakeFiles/CMakeTmp

Run Build Command:/usr/bin/make "cmTryCompileExec625293985/fast"
/usr/bin/make -f CMakeFiles/cmTryCompileExec625293985.dir/build.make CMakeFiles/cmTryCompileExec625293985.dir/build
make[1]: Entering directory `/home/zakaria/hratc2017_workspace/build/CMakeFiles/CMakeTmp'
/usr/bin/cmake -E cmake_progress_report /home/zakaria/hratc2017_workspace/build/CMakeFiles/CMakeTmp/CMakeFiles 1
Building C object CMakeFiles/cmTryCompileExec625293985.dir/CheckFunctionExists.c.o
/usr/bin/cc   -DCHECK_FUNCTION_EXISTS=pthread_create   -o CMakeFiles/cmTryCompileExec625293985.dir/CheckFunctionExists.c.o   -c /usr/share/cmake-2.8/Modules/CheckFunctionExists.c
Linking C executable cmTryCompileExec625293985
/usr/bin/cmake -E cmake_link_script CMakeFiles/cmTryCompileExec625293985.dir/link.txt --verbose=1
/usr/bin/cc   -DCHECK_FUNCTION_EXISTS=pthread_create    CMakeFiles/cmTryCompileExec625293985.dir/CheckFunctionExists.c.o  -o cmTryCompileExec625293985 -rdynamic -lpthreads 
/usr/bin/ld: cannot find -lpthreads
collect2: error: ld returned 1 exit status
make[1]: *** [cmTryCompileExec625293985] Error 1
make[1]: Leaving directory `/home/zakaria/hratc2017_workspace/build/CMakeFiles/CMakeTmp'
make: *** [cmTryCompileExec625293985/fast] Error 2


